{"C:\\Users\\lukas\\Desktop\\tdd-typescript\\src\\data\\usecases\\add-account\\db-add-account-protocols.ts": {"path":"C:\\Users\\lukas\\Desktop\\tdd-typescript\\src\\data\\usecases\\add-account\\db-add-account-protocols.ts","statementMap":{"0":{"start":{"line":1,"column":0},"end":{"line":1,"column":46}},"1":{"start":{"line":2,"column":0},"end":{"line":2,"column":52}},"2":{"start":{"line":3,"column":0},"end":{"line":3,"column":41}},"3":{"start":{"line":4,"column":0},"end":{"line":4,"column":54}}},"fnMap":{},"branchMap":{},"s":{"0":0,"1":0,"2":0,"3":0},"f":{},"b":{}}
,"C:\\Users\\lukas\\Desktop\\tdd-typescript\\src\\data\\usecases\\add-account\\db-add-account.ts": {"path":"C:\\Users\\lukas\\Desktop\\tdd-typescript\\src\\data\\usecases\\add-account\\db-add-account.ts","statementMap":{"0":{"start":{"line":6,"column":4},"end":{"line":6,"column":null}},"1":{"start":{"line":7,"column":4},"end":{"line":7,"column":null}},"2":{"start":{"line":11,"column":27},"end":{"line":11,"column":77}},"3":{"start":{"line":12,"column":20},"end":{"line":12,"column":117}},"4":{"start":{"line":13,"column":4},"end":{"line":13,"column":null}},"5":{"start":{"line":2,"column":0},"end":{"line":2,"column":13}}},"fnMap":{"0":{"name":"(anonymous_0)","decl":{"start":{"line":5,"column":2},"end":{"line":5,"column":15}},"loc":{"start":{"line":5,"column":79},"end":{"line":8,"column":3}}},"1":{"name":"(anonymous_1)","decl":{"start":{"line":10,"column":2},"end":{"line":10,"column":7}},"loc":{"start":{"line":10,"column":41},"end":{"line":14,"column":3}}}},"branchMap":{},"s":{"0":5,"1":5,"2":5,"3":4,"4":3,"5":1},"f":{"0":5,"1":5},"b":{}}
,"C:\\Users\\lukas\\Desktop\\tdd-typescript\\src\\infra\\criptography\\bcrypt-adapter.ts": {"path":"C:\\Users\\lukas\\Desktop\\tdd-typescript\\src\\infra\\criptography\\bcrypt-adapter.ts","statementMap":{"0":{"start":{"line":2,"column":0},"end":{"line":2,"column":27}},"1":{"start":{"line":4,"column":32},"end":{"line":4,"column":44}},"2":{"start":{"line":7,"column":17},"end":{"line":7,"column":52}},"3":{"start":{"line":8,"column":4},"end":{"line":8,"column":null}},"4":{"start":{"line":3,"column":0},"end":{"line":3,"column":13}}},"fnMap":{"0":{"name":"(anonymous_1)","decl":{"start":{"line":4,"column":2},"end":{"line":4,"column":32}},"loc":{"start":{"line":4,"column":44},"end":{"line":4,"column":48}}},"1":{"name":"(anonymous_2)","decl":{"start":{"line":6,"column":2},"end":{"line":6,"column":7}},"loc":{"start":{"line":6,"column":30},"end":{"line":9,"column":3}}}},"branchMap":{},"s":{"0":1,"1":3,"2":3,"3":2,"4":1},"f":{"0":3,"1":3},"b":{}}
,"C:\\Users\\lukas\\Desktop\\tdd-typescript\\src\\infra\\db\\mongodb\\helpers\\mongo-helper.ts": {"path":"C:\\Users\\lukas\\Desktop\\tdd-typescript\\src\\infra\\db\\mongodb\\helpers\\mongo-helper.ts","statementMap":{"0":{"start":{"line":1,"column":0},"end":{"line":1,"column":49}},"1":{"start":{"line":3,"column":13},"end":{"line":16,"column":null}},"2":{"start":{"line":7,"column":4},"end":{"line":7,"column":null}},"3":{"start":{"line":10,"column":4},"end":{"line":10,"column":null}},"4":{"start":{"line":13,"column":4},"end":{"line":13,"column":null}}},"fnMap":{"0":{"name":"(anonymous_0)","decl":{"start":{"line":6,"column":2},"end":{"line":6,"column":7}},"loc":{"start":{"line":6,"column":28},"end":{"line":8,"column":3}}},"1":{"name":"(anonymous_1)","decl":{"start":{"line":9,"column":2},"end":{"line":9,"column":7}},"loc":{"start":{"line":9,"column":18},"end":{"line":11,"column":3}}},"2":{"name":"(anonymous_2)","decl":{"start":{"line":12,"column":2},"end":{"line":12,"column":7}},"loc":{"start":{"line":12,"column":35},"end":{"line":14,"column":3}}}},"branchMap":{},"s":{"0":0,"1":0,"2":0,"3":0,"4":0},"f":{"0":0,"1":0,"2":0},"b":{}}
,"C:\\Users\\lukas\\Desktop\\tdd-typescript\\src\\presentation\\controllers\\signup\\signup-protocols.ts": {"path":"C:\\Users\\lukas\\Desktop\\tdd-typescript\\src\\presentation\\controllers\\signup\\signup-protocols.ts","statementMap":{"0":{"start":{"line":1,"column":0},"end":{"line":1,"column":46}},"1":{"start":{"line":2,"column":0},"end":{"line":2,"column":32}},"2":{"start":{"line":3,"column":0},"end":{"line":3,"column":52}}},"fnMap":{},"branchMap":{},"s":{"0":0,"1":0,"2":0},"f":{},"b":{}}
,"C:\\Users\\lukas\\Desktop\\tdd-typescript\\src\\presentation\\controllers\\signup\\signup.ts": {"path":"C:\\Users\\lukas\\Desktop\\tdd-typescript\\src\\presentation\\controllers\\signup\\signup.ts","statementMap":{"0":{"start":{"line":2,"column":0},"end":{"line":2,"column":67}},"1":{"start":{"line":3,"column":0},"end":{"line":3,"column":71}},"2":{"start":{"line":10,"column":4},"end":{"line":10,"column":null}},"3":{"start":{"line":11,"column":4},"end":{"line":11,"column":null}},"4":{"start":{"line":15,"column":4},"end":{"line":40,"column":null}},"5":{"start":{"line":16,"column":29},"end":{"line":16,"column":82}},"6":{"start":{"line":18,"column":6},"end":{"line":22,"column":null}},"7":{"start":{"line":19,"column":8},"end":{"line":21,"column":null}},"8":{"start":{"line":20,"column":10},"end":{"line":20,"column":null}},"9":{"start":{"line":23,"column":62},"end":{"line":23,"column":70}},"10":{"start":{"line":25,"column":6},"end":{"line":25,"column":null}},"11":{"start":{"line":25,"column":45},"end":{"line":25,"column":null}},"12":{"start":{"line":26,"column":22},"end":{"line":26,"column":56}},"13":{"start":{"line":28,"column":6},"end":{"line":30,"column":null}},"14":{"start":{"line":29,"column":8},"end":{"line":29,"column":null}},"15":{"start":{"line":32,"column":22},"end":{"line":36,"column":8}},"16":{"start":{"line":37,"column":6},"end":{"line":37,"column":null}},"17":{"start":{"line":39,"column":6},"end":{"line":39,"column":null}},"18":{"start":{"line":5,"column":0},"end":{"line":5,"column":13}}},"fnMap":{"0":{"name":"(anonymous_0)","decl":{"start":{"line":9,"column":2},"end":{"line":9,"column":15}},"loc":{"start":{"line":9,"column":69},"end":{"line":12,"column":3}}},"1":{"name":"(anonymous_1)","decl":{"start":{"line":14,"column":2},"end":{"line":14,"column":7}},"loc":{"start":{"line":14,"column":32},"end":{"line":41,"column":3}}}},"branchMap":{"0":{"loc":{"start":{"line":19,"column":8},"end":{"line":21,"column":null}},"type":"if","locations":[{"start":{"line":19,"column":8},"end":{"line":21,"column":null}}]},"1":{"loc":{"start":{"line":25,"column":6},"end":{"line":25,"column":null}},"type":"if","locations":[{"start":{"line":25,"column":6},"end":{"line":25,"column":null}}]},"2":{"loc":{"start":{"line":28,"column":6},"end":{"line":30,"column":null}},"type":"if","locations":[{"start":{"line":28,"column":6},"end":{"line":30,"column":null}}]}},"s":{"0":1,"1":1,"2":11,"3":11,"4":11,"5":11,"6":11,"7":38,"8":4,"9":7,"10":7,"11":1,"12":6,"13":5,"14":1,"15":4,"16":3,"17":2,"18":1},"f":{"0":11,"1":11},"b":{"0":[4],"1":[1],"2":[1]}}
,"C:\\Users\\lukas\\Desktop\\tdd-typescript\\src\\presentation\\errors\\index.ts": {"path":"C:\\Users\\lukas\\Desktop\\tdd-typescript\\src\\presentation\\errors\\index.ts","statementMap":{"0":{"start":{"line":1,"column":0},"end":{"line":1,"column":32}},"1":{"start":{"line":2,"column":0},"end":{"line":2,"column":32}},"2":{"start":{"line":3,"column":0},"end":{"line":3,"column":30}}},"fnMap":{},"branchMap":{},"s":{"0":1,"1":1,"2":1},"f":{},"b":{}}
,"C:\\Users\\lukas\\Desktop\\tdd-typescript\\src\\presentation\\errors\\invalid-params.ts": {"path":"C:\\Users\\lukas\\Desktop\\tdd-typescript\\src\\presentation\\errors\\invalid-params.ts","statementMap":{"0":{"start":{"line":3,"column":4},"end":{"line":3,"column":null}},"1":{"start":{"line":4,"column":4},"end":{"line":4,"column":null}},"2":{"start":{"line":1,"column":0},"end":{"line":1,"column":13}}},"fnMap":{"0":{"name":"(anonymous_0)","decl":{"start":{"line":2,"column":2},"end":{"line":2,"column":15}},"loc":{"start":{"line":2,"column":32},"end":{"line":5,"column":3}}}},"branchMap":{},"s":{"0":4,"1":4,"2":1},"f":{"0":4},"b":{}}
,"C:\\Users\\lukas\\Desktop\\tdd-typescript\\src\\presentation\\errors\\missing-params.ts": {"path":"C:\\Users\\lukas\\Desktop\\tdd-typescript\\src\\presentation\\errors\\missing-params.ts","statementMap":{"0":{"start":{"line":3,"column":4},"end":{"line":3,"column":null}},"1":{"start":{"line":4,"column":4},"end":{"line":4,"column":null}},"2":{"start":{"line":1,"column":0},"end":{"line":1,"column":13}}},"fnMap":{"0":{"name":"(anonymous_0)","decl":{"start":{"line":2,"column":2},"end":{"line":2,"column":15}},"loc":{"start":{"line":2,"column":32},"end":{"line":5,"column":3}}}},"branchMap":{},"s":{"0":8,"1":8,"2":1},"f":{"0":8},"b":{}}
,"C:\\Users\\lukas\\Desktop\\tdd-typescript\\src\\presentation\\errors\\server-error.ts": {"path":"C:\\Users\\lukas\\Desktop\\tdd-typescript\\src\\presentation\\errors\\server-error.ts","statementMap":{"0":{"start":{"line":3,"column":4},"end":{"line":3,"column":null}},"1":{"start":{"line":4,"column":4},"end":{"line":4,"column":null}},"2":{"start":{"line":1,"column":0},"end":{"line":1,"column":13}}},"fnMap":{"0":{"name":"(anonymous_0)","decl":{"start":{"line":2,"column":2},"end":{"line":2,"column":null}},"loc":{"start":{"line":2,"column":2},"end":{"line":5,"column":3}}}},"branchMap":{},"s":{"0":6,"1":6,"2":1},"f":{"0":6},"b":{}}
,"C:\\Users\\lukas\\Desktop\\tdd-typescript\\src\\presentation\\helpers\\http-helper.ts": {"path":"C:\\Users\\lukas\\Desktop\\tdd-typescript\\src\\presentation\\helpers\\http-helper.ts","statementMap":{"0":{"start":{"line":1,"column":0},"end":{"line":1,"column":39}},"1":{"start":{"line":5,"column":2},"end":{"line":8,"column":null}},"2":{"start":{"line":4,"column":0},"end":{"line":4,"column":16}},"3":{"start":{"line":12,"column":2},"end":{"line":15,"column":null}},"4":{"start":{"line":11,"column":0},"end":{"line":11,"column":16}},"5":{"start":{"line":19,"column":2},"end":{"line":22,"column":null}},"6":{"start":{"line":18,"column":0},"end":{"line":18,"column":16}}},"fnMap":{"0":{"name":"badRequest","decl":{"start":{"line":4,"column":16},"end":{"line":4,"column":26}},"loc":{"start":{"line":4,"column":38},"end":{"line":9,"column":1}}},"1":{"name":"serverError","decl":{"start":{"line":11,"column":16},"end":{"line":11,"column":27}},"loc":{"start":{"line":11,"column":27},"end":{"line":16,"column":1}}},"2":{"name":"ok","decl":{"start":{"line":18,"column":16},"end":{"line":18,"column":18}},"loc":{"start":{"line":18,"column":29},"end":{"line":23,"column":1}}}},"branchMap":{},"s":{"0":1,"1":6,"2":1,"3":2,"4":1,"5":3,"6":1},"f":{"0":6,"1":2,"2":3},"b":{}}
,"C:\\Users\\lukas\\Desktop\\tdd-typescript\\src\\presentation\\protocols\\index.ts": {"path":"C:\\Users\\lukas\\Desktop\\tdd-typescript\\src\\presentation\\protocols\\index.ts","statementMap":{"0":{"start":{"line":1,"column":0},"end":{"line":1,"column":28}},"1":{"start":{"line":2,"column":0},"end":{"line":2,"column":32}},"2":{"start":{"line":3,"column":0},"end":{"line":3,"column":22}}},"fnMap":{},"branchMap":{},"s":{"0":0,"1":0,"2":0},"f":{},"b":{}}
,"C:\\Users\\lukas\\Desktop\\tdd-typescript\\src\\util\\email-validator-adapter.ts": {"path":"C:\\Users\\lukas\\Desktop\\tdd-typescript\\src\\util\\email-validator-adapter.ts","statementMap":{"0":{"start":{"line":2,"column":0},"end":{"line":2,"column":33}},"1":{"start":{"line":5,"column":4},"end":{"line":5,"column":null}},"2":{"start":{"line":3,"column":0},"end":{"line":3,"column":13}}},"fnMap":{"0":{"name":"(anonymous_1)","decl":{"start":{"line":4,"column":2},"end":{"line":4,"column":9}},"loc":{"start":{"line":4,"column":24},"end":{"line":6,"column":3}}}},"branchMap":{},"s":{"0":1,"1":3,"2":1},"f":{"0":3},"b":{}}
}
